24-May-2021 02:01:47.737 信息 [main] org.apache.catalina.core.ApplicationContext.log ContextListener: contextInitialized()
24-May-2021 02:01:47.737 信息 [main] org.apache.catalina.core.ApplicationContext.log SessionListener: contextInitialized()
24-May-2021 02:01:47.740 信息 [main] org.apache.catalina.core.ApplicationContext.log ContextListener: attributeAdded('StockTicker', 'async.Stockticker@7adf16aa')
24-May-2021 02:02:35.509 信息 [main] org.apache.catalina.core.ApplicationContext.log ContextListener: contextInitialized()
24-May-2021 02:02:35.509 信息 [main] org.apache.catalina.core.ApplicationContext.log SessionListener: contextInitialized()
24-May-2021 02:02:35.510 信息 [main] org.apache.catalina.core.ApplicationContext.log ContextListener: attributeAdded('StockTicker', 'async.Stockticker@48c35007')
24-May-2021 02:02:35.709 信息 [main] org.apache.catalina.core.ApplicationContext.log SessionListener: contextDestroyed()
24-May-2021 02:02:35.709 信息 [main] org.apache.catalina.core.ApplicationContext.log ContextListener: contextDestroyed()
24-May-2021 02:04:03.389 信息 [main] org.apache.catalina.core.ApplicationContext.log ContextListener: contextInitialized()
24-May-2021 02:04:03.389 信息 [main] org.apache.catalina.core.ApplicationContext.log SessionListener: contextInitialized()
24-May-2021 02:04:03.390 信息 [main] org.apache.catalina.core.ApplicationContext.log ContextListener: attributeAdded('StockTicker', 'async.Stockticker@3f28bd56')
24-May-2021 02:04:03.554 信息 [main] org.apache.catalina.core.ApplicationContext.log SessionListener: contextDestroyed()
24-May-2021 02:04:03.554 信息 [main] org.apache.catalina.core.ApplicationContext.log ContextListener: contextDestroyed()
24-May-2021 02:10:14.119 信息 [main] org.apache.catalina.core.ApplicationContext.log ContextListener: contextInitialized()
24-May-2021 02:10:14.119 信息 [main] org.apache.catalina.core.ApplicationContext.log SessionListener: contextInitialized()
24-May-2021 02:10:14.121 信息 [main] org.apache.catalina.core.ApplicationContext.log ContextListener: attributeAdded('StockTicker', 'async.Stockticker@7c7d3c46')
24-May-2021 02:10:14.269 信息 [main] org.apache.catalina.core.ApplicationContext.log SessionListener: contextDestroyed()
24-May-2021 02:10:14.271 信息 [main] org.apache.catalina.core.ApplicationContext.log ContextListener: contextDestroyed()
24-May-2021 02:12:16.254 信息 [main] org.apache.catalina.core.ApplicationContext.log ContextListener: contextInitialized()
24-May-2021 02:12:16.254 信息 [main] org.apache.catalina.core.ApplicationContext.log SessionListener: contextInitialized()
24-May-2021 02:12:16.255 信息 [main] org.apache.catalina.core.ApplicationContext.log ContextListener: attributeAdded('StockTicker', 'async.Stockticker@48c35007')
24-May-2021 02:12:16.426 信息 [main] org.apache.catalina.core.ApplicationContext.log SessionListener: contextDestroyed()
24-May-2021 02:12:16.426 信息 [main] org.apache.catalina.core.ApplicationContext.log ContextListener: contextDestroyed()
24-May-2021 02:15:42.344 信息 [main] org.apache.catalina.core.ApplicationContext.log ContextListener: contextInitialized()
24-May-2021 02:15:42.344 信息 [main] org.apache.catalina.core.ApplicationContext.log SessionListener: contextInitialized()
24-May-2021 02:15:42.345 信息 [main] org.apache.catalina.core.ApplicationContext.log ContextListener: attributeAdded('StockTicker', 'async.Stockticker@7c7d3c46')
24-May-2021 02:19:34.892 信息 [main] org.apache.catalina.core.ApplicationContext.log ContextListener: contextInitialized()
24-May-2021 02:19:34.892 信息 [main] org.apache.catalina.core.ApplicationContext.log SessionListener: contextInitialized()
24-May-2021 02:19:34.893 信息 [main] org.apache.catalina.core.ApplicationContext.log ContextListener: attributeAdded('StockTicker', 'async.Stockticker@48c35007')
24-May-2021 02:44:45.363 信息 [main] org.apache.catalina.core.ApplicationContext.log ContextListener: contextInitialized()
24-May-2021 02:44:45.363 信息 [main] org.apache.catalina.core.ApplicationContext.log SessionListener: contextInitialized()
24-May-2021 02:44:45.365 信息 [main] org.apache.catalina.core.ApplicationContext.log ContextListener: attributeAdded('StockTicker', 'async.Stockticker@7c7d3c46')
24-May-2021 14:44:52.043 信息 [main] org.apache.catalina.core.ApplicationContext.log ContextListener: contextInitialized()
24-May-2021 14:44:52.043 信息 [main] org.apache.catalina.core.ApplicationContext.log SessionListener: contextInitialized()
24-May-2021 14:44:52.043 信息 [main] org.apache.catalina.core.ApplicationContext.log ContextListener: attributeAdded('StockTicker', 'async.Stockticker@3f28bd56')
