28-May-2021 15:41:31.233 ‰ø°ÊÅØ [main] org.apache.catalina.core.ApplicationContext.log ContextListener: contextInitialized()
28-May-2021 15:41:31.233 ‰ø°ÊÅØ [main] org.apache.catalina.core.ApplicationContext.log SessionListener: contextInitialized()
28-May-2021 15:41:31.233 ‰ø°ÊÅØ [main] org.apache.catalina.core.ApplicationContext.log ContextListener: attributeAdded('StockTicker', 'async.Stockticker@1c9f0a20')
28-May-2021 15:42:56.107 –≈œ¢ [main] org.apache.catalina.core.ApplicationContext.log ContextListener: contextInitialized()
28-May-2021 15:42:56.107 –≈œ¢ [main] org.apache.catalina.core.ApplicationContext.log SessionListener: contextInitialized()
28-May-2021 15:42:56.107 –≈œ¢ [main] org.apache.catalina.core.ApplicationContext.log ContextListener: attributeAdded('StockTicker', 'async.Stockticker@48c35007')
28-May-2021 17:20:45.426 ‰ø°ÊÅØ [main] org.apache.catalina.core.ApplicationContext.log ContextListener: contextInitialized()
28-May-2021 17:20:45.426 ‰ø°ÊÅØ [main] org.apache.catalina.core.ApplicationContext.log SessionListener: contextInitialized()
28-May-2021 17:20:45.427 ‰ø°ÊÅØ [main] org.apache.catalina.core.ApplicationContext.log ContextListener: attributeAdded('StockTicker', 'async.Stockticker@4ba534b0')
28-May-2021 17:20:45.535 ‰ø°ÊÅØ [main] org.apache.catalina.core.ApplicationContext.log SessionListener: contextDestroyed()
28-May-2021 17:20:45.535 ‰ø°ÊÅØ [main] org.apache.catalina.core.ApplicationContext.log ContextListener: contextDestroyed()
28-May-2021 17:20:53.754 ‰ø°ÊÅØ [main] org.apache.catalina.core.ApplicationContext.log ContextListener: contextInitialized()
28-May-2021 17:20:53.754 ‰ø°ÊÅØ [main] org.apache.catalina.core.ApplicationContext.log SessionListener: contextInitialized()
28-May-2021 17:20:53.754 ‰ø°ÊÅØ [main] org.apache.catalina.core.ApplicationContext.log ContextListener: attributeAdded('StockTicker', 'async.Stockticker@24fb6a80')
28-May-2021 17:33:23.808 ‰ø°ÊÅØ [main] org.apache.catalina.core.ApplicationContext.log ContextListener: contextInitialized()
28-May-2021 17:33:23.808 ‰ø°ÊÅØ [main] org.apache.catalina.core.ApplicationContext.log SessionListener: contextInitialized()
28-May-2021 17:33:23.809 ‰ø°ÊÅØ [main] org.apache.catalina.core.ApplicationContext.log ContextListener: attributeAdded('StockTicker', 'async.Stockticker@71ae31b0')
28-May-2021 17:33:23.944 ‰ø°ÊÅØ [main] org.apache.catalina.core.ApplicationContext.log SessionListener: contextDestroyed()
28-May-2021 17:33:23.944 ‰ø°ÊÅØ [main] org.apache.catalina.core.ApplicationContext.log ContextListener: contextDestroyed()
28-May-2021 17:33:32.736 ‰ø°ÊÅØ [main] org.apache.catalina.core.ApplicationContext.log ContextListener: contextInitialized()
28-May-2021 17:33:32.736 ‰ø°ÊÅØ [main] org.apache.catalina.core.ApplicationContext.log SessionListener: contextInitialized()
28-May-2021 17:33:32.738 ‰ø°ÊÅØ [main] org.apache.catalina.core.ApplicationContext.log ContextListener: attributeAdded('StockTicker', 'async.Stockticker@24fb6a80')
